[06:07:19] [ServerMain/ERROR]: Failed to load properties from file: server.properties
java.nio.file.NoSuchFileException: server.properties
	at java.base/sun.nio.fs.UnixException.translateToIOException(UnixException.java:92) ~[?:?]
	at java.base/sun.nio.fs.UnixException.rethrowAsIOException(UnixException.java:106) ~[?:?]
	at java.base/sun.nio.fs.UnixException.rethrowAsIOException(UnixException.java:111) ~[?:?]
	at java.base/sun.nio.fs.UnixFileSystemProvider.newByteChannel(UnixFileSystemProvider.java:261) ~[?:?]
	at java.base/java.nio.file.Files.newByteChannel(Files.java:379) ~[?:?]
	at java.base/java.nio.file.Files.newByteChannel(Files.java:431) ~[?:?]
	at java.base/java.nio.file.spi.FileSystemProvider.newInputStream(FileSystemProvider.java:420) ~[?:?]
	at java.base/java.nio.file.Files.newInputStream(Files.java:159) ~[?:?]
	at arc.b(SourceFile:62) ~[server-1.21.3.jar:?]
	at aqz.a(SourceFile:141) ~[server-1.21.3.jar:?]
	at ara.<init>(SourceFile:12) ~[server-1.21.3.jar:?]
	at net.minecraft.server.Main.main(SourceFile:114) ~[server-1.21.3.jar:?]
	at net.minecraft.bundler.Main.lambda$run$0(Main.java:54) ~[?:?]
	at java.base/java.lang.Thread.run(Thread.java:1583) [?:?]
[06:07:19] [ServerMain/INFO]: Environment: Environment[sessionHost=https://sessionserver.mojang.com, servicesHost=https://api.minecraftservices.com, name=PROD]
[06:07:20] [ServerMain/INFO]: No existing world data, creating new world
[06:07:20] [ServerMain/INFO]: Loaded 1337 recipes
[06:07:20] [ServerMain/INFO]: Loaded 1448 advancements
[06:07:20] [Server thread/INFO]: Starting minecraft server version 1.21.3
[06:07:20] [Server thread/INFO]: Loading properties
[06:07:20] [Server thread/INFO]: Default game type: SURVIVAL
[06:07:20] [Server thread/INFO]: Generating keypair
[06:07:20] [Server thread/INFO]: Starting Minecraft server on *:25565
[06:07:20] [Server thread/INFO]: Using epoll channel type
[06:07:20] [Server thread/INFO]: Preparing level "world"
[06:07:23] [Server thread/INFO]: Preparing start region for dimension minecraft:overworld
[06:07:23] [Worker-Main-2/INFO]: Preparing spawn area: 2%
[06:07:23] [Worker-Main-3/INFO]: Preparing spawn area: 2%
[06:07:24] [Worker-Main-1/INFO]: Preparing spawn area: 2%
[06:07:24] [Worker-Main-1/INFO]: Preparing spawn area: 18%
[06:07:25] [Worker-Main-6/INFO]: Preparing spawn area: 51%
[06:07:25] [Server thread/INFO]: Time elapsed: 2282 ms
[06:07:25] [Server thread/INFO]: Done (4.779s)! For help, type "help"
